<?xml version="1.0" encoding="UTF-8"?>
<!-- Generated by org.testng.reporters.JUnitReportReporter -->
<testsuite skipped="0" hostname="Rajesh-kumar4" name="com.FabHotel_MVN.TestDataDrivenScript" tests="3" failures="0" timestamp="13 Jul 2018 12:56:55 GMT" time="0.026" errors="0">
  <testcase name="testLogin" time="0.002" classname="com.FabHotel_MVN.TestDataDrivenScript"/>
  <testcase name="testLogin" time="0.004" classname="com.FabHotel_MVN.TestDataDrivenScript"/>
  <testcase name="testLogin" time="0.020" classname="com.FabHotel_MVN.TestDataDrivenScript"/>
</testsuite> <!-- com.FabHotel_MVN.TestDataDrivenScript -->
