<?xml version="1.0" encoding="UTF-8"?>
<!-- Generated by org.testng.reporters.JUnitReportReporter -->
<testsuite skipped="0" hostname="Rajesh-kumar4" name="com.FabHotel_MVN_sprint1.HomePageTest" tests="1" failures="0" timestamp="09 Aug 2018 09:08:36 GMT" time="9.097" errors="0">
  <testcase name="testHomePage" time="9.097" classname="com.FabHotel_MVN_sprint1.HomePageTest"/>
</testsuite> <!-- com.FabHotel_MVN_sprint1.HomePageTest -->
