<?xml version="1.0" encoding="UTF-8"?>
<!-- Generated by org.testng.reporters.JUnitReportReporter -->
<testsuite skipped="0" hostname="Rajesh-kumar4" name="com.FabHotel_MVN.TestDataDriverScript" tests="7" failures="0" timestamp="13 Jul 2018 12:51:45 GMT" time="0.032" errors="0">
  <testcase name="testLogin" time="0.002" classname="com.FabHotel_MVN.TestDataDriverScript"/>
  <testcase name="testLogin" time="0.003" classname="com.FabHotel_MVN.TestDataDriverScript"/>
  <testcase name="testLogin" time="0.003" classname="com.FabHotel_MVN.TestDataDriverScript"/>
  <testcase name="testLogin" time="0.003" classname="com.FabHotel_MVN.TestDataDriverScript"/>
  <testcase name="testLogin" time="0.004" classname="com.FabHotel_MVN.TestDataDriverScript"/>
  <testcase name="testLogin" time="0.007" classname="com.FabHotel_MVN.TestDataDriverScript"/>
  <testcase name="testLogin" time="0.010" classname="com.FabHotel_MVN.TestDataDriverScript"/>
</testsuite> <!-- com.FabHotel_MVN.TestDataDriverScript -->
