<?xml version="1.0" encoding="UTF-8"?>
<!-- Generated by org.testng.reporters.JUnitReportReporter -->
<testsuite skipped="0" hostname="Rajesh-kumar4" name="com.FabHotel_MVN.HomePageTest" tests="1" failures="0" timestamp="08 Aug 2018 17:56:42 GMT" time="15.776" errors="0">
  <testcase name="testHomePage" time="15.776" classname="com.FabHotel_MVN.HomePageTest"/>
</testsuite> <!-- com.FabHotel_MVN.HomePageTest -->
