<?xml version="1.0" encoding="UTF-8"?>
<!-- Generated by org.testng.reporters.JUnitReportReporter -->
<testsuite skipped="0" hostname="Rajesh-kumar4" name="com.FabHotel_MVN.Search_HotelTest" tests="1" failures="0" timestamp="08 Aug 2018 17:56:42 GMT" time="15.030" errors="0">
  <testcase name="SearchHotel" time="15.030" classname="com.FabHotel_MVN.Search_HotelTest"/>
</testsuite> <!-- com.FabHotel_MVN.Search_HotelTest -->
